ThreadID: [118] TenantID: [] [2025-07-24 22:21:42,039]  INFO {APIM_GOV_AUDIT_LOG} - [Scheduler Thread Pool Status] :: Active Thread Count: 0 -- | -- Completed Task Count: 0 -- | -- Submitted Task Count: 0 -- | -- Queue Size: 0 -- | -- Core Pool Size: 20 -- | -- Maximum Pool Size: 20 -- | -- Current Pool Size: 0
ThreadID: [118] TenantID: [] [2025-07-24 22:21:42,040]  INFO {APIM_GOV_AUDIT_LOG} - [Delete Processing Requests] :: Deleted 0 long-lasting processing requests with IDs: []
ThreadID: [118] TenantID: [] [2025-07-24 22:21:42,040]  INFO {APIM_GOV_AUDIT_LOG} - [Fetch Requests] :: Scheduler fetched 0 requests with IDs: []
ThreadID: [27] TenantID: [] [2025-07-24 22:22:00,730]  INFO {APIM_GOV_AUDIT_LOG} - [Ruleset] :: New ruleset WSO2 REST API Design Guidelines with id 30e84d8b-2b6f-41a7-b769-7b97853a0c72 created by user null in organization carbon.super
ThreadID: [27] TenantID: [] [2025-07-24 22:22:00,747]  INFO {APIM_GOV_AUDIT_LOG} - [Ruleset] :: New ruleset WSO2 API Management Guidelines with id 0ae47abd-ae3c-417a-a8ae-b958bc42736a created by user null in organization carbon.super
ThreadID: [27] TenantID: [] [2025-07-24 22:22:00,771]  INFO {APIM_GOV_AUDIT_LOG} - [Ruleset] :: New ruleset OWASP Top 10 with id aa8318a1-a216-4e9b-9b91-142d6b987289 created by user null in organization carbon.super
ThreadID: [27] TenantID: [] [2025-07-24 22:22:00,774]  INFO {APIM_GOV_AUDIT_LOG} - [Governance Policy] :: New governance policy WSO2 API Management Best Practices with ID 9e3e6f6a-dbb3-47af-97ed-d053f2034a90 created by user null in organization carbon.super
ThreadID: [118] TenantID: [] [2025-07-24 22:23:42,046]  INFO {APIM_GOV_AUDIT_LOG} - [Scheduler Thread Pool Status] :: Active Thread Count: 0 -- | -- Completed Task Count: 0 -- | -- Submitted Task Count: 0 -- | -- Queue Size: 0 -- | -- Core Pool Size: 20 -- | -- Maximum Pool Size: 20 -- | -- Current Pool Size: 0
ThreadID: [118] TenantID: [] [2025-07-24 22:23:42,123]  INFO {APIM_GOV_AUDIT_LOG} - [Delete Processing Requests] :: Deleted 0 long-lasting processing requests with IDs: []
ThreadID: [118] TenantID: [] [2025-07-24 22:23:42,123]  INFO {APIM_GOV_AUDIT_LOG} - [Fetch Requests] :: Scheduler fetched 0 requests with IDs: []
ThreadID: [118] TenantID: [] [2025-07-24 22:25:42,048]  INFO {APIM_GOV_AUDIT_LOG} - [Scheduler Thread Pool Status] :: Active Thread Count: 0 -- | -- Completed Task Count: 0 -- | -- Submitted Task Count: 0 -- | -- Queue Size: 0 -- | -- Core Pool Size: 20 -- | -- Maximum Pool Size: 20 -- | -- Current Pool Size: 0
ThreadID: [118] TenantID: [] [2025-07-24 22:25:42,122]  INFO {APIM_GOV_AUDIT_LOG} - [Delete Processing Requests] :: Deleted 0 long-lasting processing requests with IDs: []
ThreadID: [118] TenantID: [] [2025-07-24 22:25:42,122]  INFO {APIM_GOV_AUDIT_LOG} - [Fetch Requests] :: Scheduler fetched 0 requests with IDs: []
ThreadID: [118] TenantID: [] [2025-07-24 22:27:42,047]  INFO {APIM_GOV_AUDIT_LOG} - [Scheduler Thread Pool Status] :: Active Thread Count: 0 -- | -- Completed Task Count: 0 -- | -- Submitted Task Count: 0 -- | -- Queue Size: 0 -- | -- Core Pool Size: 20 -- | -- Maximum Pool Size: 20 -- | -- Current Pool Size: 0
ThreadID: [118] TenantID: [] [2025-07-24 22:27:42,050]  INFO {APIM_GOV_AUDIT_LOG} - [Delete Processing Requests] :: Deleted 0 long-lasting processing requests with IDs: []
ThreadID: [118] TenantID: [] [2025-07-24 22:27:42,050]  INFO {APIM_GOV_AUDIT_LOG} - [Fetch Requests] :: Scheduler fetched 0 requests with IDs: []
ThreadID: [118] TenantID: [] [2025-07-24 22:29:42,047]  INFO {APIM_GOV_AUDIT_LOG} - [Scheduler Thread Pool Status] :: Active Thread Count: 0 -- | -- Completed Task Count: 0 -- | -- Submitted Task Count: 0 -- | -- Queue Size: 0 -- | -- Core Pool Size: 20 -- | -- Maximum Pool Size: 20 -- | -- Current Pool Size: 0
ThreadID: [118] TenantID: [] [2025-07-24 22:29:42,107]  INFO {APIM_GOV_AUDIT_LOG} - [Delete Processing Requests] :: Deleted 0 long-lasting processing requests with IDs: []
ThreadID: [118] TenantID: [] [2025-07-24 22:29:42,108]  INFO {APIM_GOV_AUDIT_LOG} - [Fetch Requests] :: Scheduler fetched 0 requests with IDs: []
ThreadID: [118] TenantID: [] [2025-07-24 22:31:42,048]  INFO {APIM_GOV_AUDIT_LOG} - [Scheduler Thread Pool Status] :: Active Thread Count: 0 -- | -- Completed Task Count: 0 -- | -- Submitted Task Count: 0 -- | -- Queue Size: 0 -- | -- Core Pool Size: 20 -- | -- Maximum Pool Size: 20 -- | -- Current Pool Size: 0
ThreadID: [118] TenantID: [] [2025-07-24 22:31:42,104]  INFO {APIM_GOV_AUDIT_LOG} - [Delete Processing Requests] :: Deleted 0 long-lasting processing requests with IDs: []
ThreadID: [118] TenantID: [] [2025-07-24 22:31:42,104]  INFO {APIM_GOV_AUDIT_LOG} - [Fetch Requests] :: Scheduler fetched 0 requests with IDs: []
ThreadID: [118] TenantID: [] [2025-07-24 22:33:42,049]  INFO {APIM_GOV_AUDIT_LOG} - [Scheduler Thread Pool Status] :: Active Thread Count: 0 -- | -- Completed Task Count: 0 -- | -- Submitted Task Count: 0 -- | -- Queue Size: 0 -- | -- Core Pool Size: 20 -- | -- Maximum Pool Size: 20 -- | -- Current Pool Size: 0
ThreadID: [118] TenantID: [] [2025-07-24 22:33:42,095]  INFO {APIM_GOV_AUDIT_LOG} - [Delete Processing Requests] :: Deleted 0 long-lasting processing requests with IDs: []
ThreadID: [118] TenantID: [] [2025-07-24 22:33:42,096]  INFO {APIM_GOV_AUDIT_LOG} - [Fetch Requests] :: Scheduler fetched 0 requests with IDs: []
ThreadID: [118] TenantID: [] [2025-07-24 22:48:42,334]  INFO {APIM_GOV_AUDIT_LOG} - [Scheduler Thread Pool Status] :: Active Thread Count: 0 -- | -- Completed Task Count: 0 -- | -- Submitted Task Count: 0 -- | -- Queue Size: 0 -- | -- Core Pool Size: 20 -- | -- Maximum Pool Size: 20 -- | -- Current Pool Size: 0
ThreadID: [118] TenantID: [] [2025-07-24 22:48:42,334]  INFO {APIM_GOV_AUDIT_LOG} - [Delete Processing Requests] :: Deleted 0 long-lasting processing requests with IDs: []
ThreadID: [118] TenantID: [] [2025-07-24 22:48:42,335]  INFO {APIM_GOV_AUDIT_LOG} - [Fetch Requests] :: Scheduler fetched 0 requests with IDs: []
ThreadID: [118] TenantID: [] [2025-07-24 22:50:42,341]  INFO {APIM_GOV_AUDIT_LOG} - [Scheduler Thread Pool Status] :: Active Thread Count: 0 -- | -- Completed Task Count: 0 -- | -- Submitted Task Count: 0 -- | -- Queue Size: 0 -- | -- Core Pool Size: 20 -- | -- Maximum Pool Size: 20 -- | -- Current Pool Size: 0
ThreadID: [118] TenantID: [] [2025-07-24 22:50:42,349]  INFO {APIM_GOV_AUDIT_LOG} - [Delete Processing Requests] :: Deleted 0 long-lasting processing requests with IDs: []
ThreadID: [118] TenantID: [] [2025-07-24 22:50:42,350]  INFO {APIM_GOV_AUDIT_LOG} - [Fetch Requests] :: Scheduler fetched 0 requests with IDs: []
ThreadID: [118] TenantID: [] [2025-07-24 22:52:42,340]  INFO {APIM_GOV_AUDIT_LOG} - [Scheduler Thread Pool Status] :: Active Thread Count: 0 -- | -- Completed Task Count: 0 -- | -- Submitted Task Count: 0 -- | -- Queue Size: 0 -- | -- Core Pool Size: 20 -- | -- Maximum Pool Size: 20 -- | -- Current Pool Size: 0
ThreadID: [118] TenantID: [] [2025-07-24 22:52:42,340]  INFO {APIM_GOV_AUDIT_LOG} - [Delete Processing Requests] :: Deleted 0 long-lasting processing requests with IDs: []
ThreadID: [118] TenantID: [] [2025-07-24 22:52:42,341]  INFO {APIM_GOV_AUDIT_LOG} - [Fetch Requests] :: Scheduler fetched 0 requests with IDs: []
ThreadID: [348] TenantID: [-1234] [2025-07-24 22:52:52,975]  INFO {APIM_GOV_AUDIT_LOG} - [Ruleset] :: New ruleset WSO2 REST API Design Guidelines with id a1fa3163-6756-44ef-a69a-c27cb02a7671 created by user null in organization tenant1.com
ThreadID: [348] TenantID: [-1234] [2025-07-24 22:52:52,987]  INFO {APIM_GOV_AUDIT_LOG} - [Ruleset] :: New ruleset WSO2 API Management Guidelines with id e28b1d16-abaa-41a3-98d5-7391dd485eb5 created by user null in organization tenant1.com
ThreadID: [348] TenantID: [-1234] [2025-07-24 22:52:53,004]  INFO {APIM_GOV_AUDIT_LOG} - [Ruleset] :: New ruleset OWASP Top 10 with id d8349cc7-e4fa-4b08-8649-47cb95253f67 created by user null in organization tenant1.com
ThreadID: [348] TenantID: [-1234] [2025-07-24 22:52:53,006]  INFO {APIM_GOV_AUDIT_LOG} - [Governance Policy] :: New governance policy WSO2 API Management Best Practices with ID effb9740-9629-4907-8ea5-3e8ab8f4c590 created by user null in organization tenant1.com
ThreadID: [118] TenantID: [] [2025-07-24 22:54:42,337]  INFO {APIM_GOV_AUDIT_LOG} - [Scheduler Thread Pool Status] :: Active Thread Count: 0 -- | -- Completed Task Count: 0 -- | -- Submitted Task Count: 0 -- | -- Queue Size: 0 -- | -- Core Pool Size: 20 -- | -- Maximum Pool Size: 20 -- | -- Current Pool Size: 0
ThreadID: [118] TenantID: [] [2025-07-24 22:54:42,337]  INFO {APIM_GOV_AUDIT_LOG} - [Delete Processing Requests] :: Deleted 0 long-lasting processing requests with IDs: []
ThreadID: [118] TenantID: [] [2025-07-24 22:54:42,337]  INFO {APIM_GOV_AUDIT_LOG} - [Fetch Requests] :: Scheduler fetched 0 requests with IDs: []
ThreadID: [118] TenantID: [] [2025-07-24 22:56:42,342]  INFO {APIM_GOV_AUDIT_LOG} - [Scheduler Thread Pool Status] :: Active Thread Count: 0 -- | -- Completed Task Count: 0 -- | -- Submitted Task Count: 0 -- | -- Queue Size: 0 -- | -- Core Pool Size: 20 -- | -- Maximum Pool Size: 20 -- | -- Current Pool Size: 0
ThreadID: [118] TenantID: [] [2025-07-24 22:56:42,405]  INFO {APIM_GOV_AUDIT_LOG} - [Delete Processing Requests] :: Deleted 0 long-lasting processing requests with IDs: []
ThreadID: [118] TenantID: [] [2025-07-24 22:56:42,405]  INFO {APIM_GOV_AUDIT_LOG} - [Fetch Requests] :: Scheduler fetched 0 requests with IDs: []
ThreadID: [118] TenantID: [] [2025-07-24 22:58:49,317]  INFO {APIM_GOV_AUDIT_LOG} - [Scheduler Thread Pool Status] :: Active Thread Count: 0 -- | -- Completed Task Count: 0 -- | -- Submitted Task Count: 0 -- | -- Queue Size: 0 -- | -- Core Pool Size: 20 -- | -- Maximum Pool Size: 20 -- | -- Current Pool Size: 0
ThreadID: [118] TenantID: [] [2025-07-24 22:58:49,377]  INFO {APIM_GOV_AUDIT_LOG} - [Delete Processing Requests] :: Deleted 0 long-lasting processing requests with IDs: []
ThreadID: [118] TenantID: [] [2025-07-24 22:58:49,378]  INFO {APIM_GOV_AUDIT_LOG} - [Fetch Requests] :: Scheduler fetched 0 requests with IDs: []
ThreadID: [118] TenantID: [] [2025-07-24 23:00:49,319]  INFO {APIM_GOV_AUDIT_LOG} - [Scheduler Thread Pool Status] :: Active Thread Count: 0 -- | -- Completed Task Count: 0 -- | -- Submitted Task Count: 0 -- | -- Queue Size: 0 -- | -- Core Pool Size: 20 -- | -- Maximum Pool Size: 20 -- | -- Current Pool Size: 0
ThreadID: [118] TenantID: [] [2025-07-24 23:00:49,371]  INFO {APIM_GOV_AUDIT_LOG} - [Delete Processing Requests] :: Deleted 0 long-lasting processing requests with IDs: []
ThreadID: [118] TenantID: [] [2025-07-24 23:00:49,371]  INFO {APIM_GOV_AUDIT_LOG} - [Fetch Requests] :: Scheduler fetched 0 requests with IDs: []
ThreadID: [118] TenantID: [] [2025-07-24 23:02:49,321]  INFO {APIM_GOV_AUDIT_LOG} - [Scheduler Thread Pool Status] :: Active Thread Count: 0 -- | -- Completed Task Count: 0 -- | -- Submitted Task Count: 0 -- | -- Queue Size: 0 -- | -- Core Pool Size: 20 -- | -- Maximum Pool Size: 20 -- | -- Current Pool Size: 0
ThreadID: [118] TenantID: [] [2025-07-24 23:02:49,389]  INFO {APIM_GOV_AUDIT_LOG} - [Delete Processing Requests] :: Deleted 0 long-lasting processing requests with IDs: []
ThreadID: [118] TenantID: [] [2025-07-24 23:02:49,389]  INFO {APIM_GOV_AUDIT_LOG} - [Fetch Requests] :: Scheduler fetched 0 requests with IDs: []
ThreadID: [118] TenantID: [] [2025-07-24 23:04:49,322]  INFO {APIM_GOV_AUDIT_LOG} - [Scheduler Thread Pool Status] :: Active Thread Count: 0 -- | -- Completed Task Count: 0 -- | -- Submitted Task Count: 0 -- | -- Queue Size: 0 -- | -- Core Pool Size: 20 -- | -- Maximum Pool Size: 20 -- | -- Current Pool Size: 0
ThreadID: [118] TenantID: [] [2025-07-24 23:04:49,375]  INFO {APIM_GOV_AUDIT_LOG} - [Delete Processing Requests] :: Deleted 0 long-lasting processing requests with IDs: []
ThreadID: [118] TenantID: [] [2025-07-24 23:04:49,375]  INFO {APIM_GOV_AUDIT_LOG} - [Fetch Requests] :: Scheduler fetched 0 requests with IDs: []
ThreadID: [118] TenantID: [] [2025-07-24 23:06:49,324]  INFO {APIM_GOV_AUDIT_LOG} - [Scheduler Thread Pool Status] :: Active Thread Count: 0 -- | -- Completed Task Count: 0 -- | -- Submitted Task Count: 0 -- | -- Queue Size: 0 -- | -- Core Pool Size: 20 -- | -- Maximum Pool Size: 20 -- | -- Current Pool Size: 0
ThreadID: [118] TenantID: [] [2025-07-24 23:06:49,372]  INFO {APIM_GOV_AUDIT_LOG} - [Delete Processing Requests] :: Deleted 0 long-lasting processing requests with IDs: []
ThreadID: [118] TenantID: [] [2025-07-24 23:06:49,372]  INFO {APIM_GOV_AUDIT_LOG} - [Fetch Requests] :: Scheduler fetched 0 requests with IDs: []
ThreadID: [118] TenantID: [] [2025-07-24 23:08:49,321]  INFO {APIM_GOV_AUDIT_LOG} - [Scheduler Thread Pool Status] :: Active Thread Count: 0 -- | -- Completed Task Count: 0 -- | -- Submitted Task Count: 0 -- | -- Queue Size: 0 -- | -- Core Pool Size: 20 -- | -- Maximum Pool Size: 20 -- | -- Current Pool Size: 0
ThreadID: [118] TenantID: [] [2025-07-24 23:08:49,375]  INFO {APIM_GOV_AUDIT_LOG} - [Delete Processing Requests] :: Deleted 0 long-lasting processing requests with IDs: []
ThreadID: [118] TenantID: [] [2025-07-24 23:08:49,375]  INFO {APIM_GOV_AUDIT_LOG} - [Fetch Requests] :: Scheduler fetched 0 requests with IDs: []
ThreadID: [118] TenantID: [] [2025-07-24 23:10:49,326]  INFO {APIM_GOV_AUDIT_LOG} - [Scheduler Thread Pool Status] :: Active Thread Count: 0 -- | -- Completed Task Count: 0 -- | -- Submitted Task Count: 0 -- | -- Queue Size: 0 -- | -- Core Pool Size: 20 -- | -- Maximum Pool Size: 20 -- | -- Current Pool Size: 0
ThreadID: [118] TenantID: [] [2025-07-24 23:10:49,331]  INFO {APIM_GOV_AUDIT_LOG} - [Delete Processing Requests] :: Deleted 0 long-lasting processing requests with IDs: []
ThreadID: [118] TenantID: [] [2025-07-24 23:10:49,331]  INFO {APIM_GOV_AUDIT_LOG} - [Fetch Requests] :: Scheduler fetched 0 requests with IDs: []
ThreadID: [65] TenantID: [] [2025-07-24 23:12:39,138]  INFO {APIM_GOV_AUDIT_LOG} - [New Async Eval Request] :: New compliance evaluation request for artifact 59fef1a7-9dad-4248-a14d-788e1d868648 with policy IDs [effb9740-9629-4907-8ea5-3e8ab8f4c590]
ThreadID: [118] TenantID: [] [2025-07-24 23:12:49,325]  INFO {APIM_GOV_AUDIT_LOG} - [Scheduler Thread Pool Status] :: Active Thread Count: 0 -- | -- Completed Task Count: 0 -- | -- Submitted Task Count: 0 -- | -- Queue Size: 0 -- | -- Core Pool Size: 20 -- | -- Maximum Pool Size: 20 -- | -- Current Pool Size: 0
ThreadID: [118] TenantID: [] [2025-07-24 23:12:49,326]  INFO {APIM_GOV_AUDIT_LOG} - [Delete Processing Requests] :: Deleted 0 long-lasting processing requests with IDs: []
ThreadID: [118] TenantID: [] [2025-07-24 23:12:49,327]  INFO {APIM_GOV_AUDIT_LOG} - [Fetch Requests] :: Scheduler fetched 1 requests with IDs: [0b415d2f-9014-4689-8a0a-a4864f4977b1]
ThreadID: [1326] TenantID: [] [2025-07-24 23:12:49,329]  INFO {APIM_GOV_AUDIT_LOG} - [Async Eval Request] :: Processing request 0b415d2f-9014-4689-8a0a-a4864f4977b1 for artifact 59fef1a7-9dad-4248-a14d-788e1d868648 in tenant1.com organization
ThreadID: [1326] TenantID: [] [2025-07-24 23:12:49,477]  INFO {APIM_GOV_AUDIT_LOG} - [Async Eval Request] :: Validated artifact 59fef1a7-9dad-4248-a14d-788e1d868648 in organization tenant1.com against ruleset a1fa3163-6756-44ef-a69a-c27cb02a7671
ThreadID: [1326] TenantID: [] [2025-07-24 23:12:49,484]  INFO {APIM_GOV_AUDIT_LOG} - [Async Eval Request] :: Validated artifact 59fef1a7-9dad-4248-a14d-788e1d868648 in organization tenant1.com against ruleset e28b1d16-abaa-41a3-98d5-7391dd485eb5
ThreadID: [1326] TenantID: [] [2025-07-24 23:12:49,485]  INFO {APIM_GOV_AUDIT_LOG} - [Async Eval Request] :: Artifact 59fef1a7-9dad-4248-a14d-788e1d868648 evaluated against policy effb9740-9629-4907-8ea5-3e8ab8f4c590 in organization tenant1.com
ThreadID: [1326] TenantID: [] [2025-07-24 23:12:49,485]  INFO {APIM_GOV_AUDIT_LOG} - [Async Eval Request] :: Request 0b415d2f-9014-4689-8a0a-a4864f4977b1 processed successfully for artifact 59fef1a7-9dad-4248-a14d-788e1d868648 in organization tenant1.com
ThreadID: [65] TenantID: [] [2025-07-24 23:13:03,268]  INFO {APIM_GOV_AUDIT_LOG} - [New Async Eval Request] :: New compliance evaluation request for artifact 7085e562-9fc5-4b92-a7fd-73c47da26239 with policy IDs [effb9740-9629-4907-8ea5-3e8ab8f4c590]
ThreadID: [65] TenantID: [] [2025-07-24 23:13:03,359]  INFO {APIM_GOV_AUDIT_LOG} - [New Async Eval Request] :: New compliance evaluation request for artifact 7085e562-9fc5-4b92-a7fd-73c47da26239 with policy IDs [effb9740-9629-4907-8ea5-3e8ab8f4c590]
ThreadID: [65] TenantID: [] [2025-07-24 23:13:03,359]  INFO {APIM_GOV_AUDIT_LOG} - [New Async Eval Request] :: New compliance evaluation request for artifact 7085e562-9fc5-4b92-a7fd-73c47da26239 with policy IDs [effb9740-9629-4907-8ea5-3e8ab8f4c590]
ThreadID: [65] TenantID: [] [2025-07-24 23:13:03,470]  INFO {APIM_GOV_AUDIT_LOG} - [New Async Eval Request] :: New compliance evaluation request for artifact 7085e562-9fc5-4b92-a7fd-73c47da26239 with policy IDs [effb9740-9629-4907-8ea5-3e8ab8f4c590]
ThreadID: [65] TenantID: [] [2025-07-24 23:13:03,470]  INFO {APIM_GOV_AUDIT_LOG} - [New Async Eval Request] :: New compliance evaluation request for artifact 7085e562-9fc5-4b92-a7fd-73c47da26239 with policy IDs [effb9740-9629-4907-8ea5-3e8ab8f4c590]
ThreadID: [65] TenantID: [] [2025-07-24 23:13:03,488]  INFO {APIM_GOV_AUDIT_LOG} - [New Async Eval Request] :: New compliance evaluation request for artifact 7085e562-9fc5-4b92-a7fd-73c47da26239 with policy IDs [effb9740-9629-4907-8ea5-3e8ab8f4c590]
ThreadID: [65] TenantID: [] [2025-07-24 23:13:03,488]  INFO {APIM_GOV_AUDIT_LOG} - [New Async Eval Request] :: New compliance evaluation request for artifact 7085e562-9fc5-4b92-a7fd-73c47da26239 with policy IDs [effb9740-9629-4907-8ea5-3e8ab8f4c590]
ThreadID: [118] TenantID: [] [2025-07-24 23:14:49,328]  INFO {APIM_GOV_AUDIT_LOG} - [Scheduler Thread Pool Status] :: Active Thread Count: 0 -- | -- Completed Task Count: 1 -- | -- Submitted Task Count: 1 -- | -- Queue Size: 0 -- | -- Core Pool Size: 20 -- | -- Maximum Pool Size: 20 -- | -- Current Pool Size: 1
ThreadID: [118] TenantID: [] [2025-07-24 23:14:49,329]  INFO {APIM_GOV_AUDIT_LOG} - [Delete Processing Requests] :: Deleted 0 long-lasting processing requests with IDs: []
ThreadID: [118] TenantID: [] [2025-07-24 23:14:49,330]  INFO {APIM_GOV_AUDIT_LOG} - [Fetch Requests] :: Scheduler fetched 1 requests with IDs: [a3428a78-1113-45bd-9677-97e96e82e289]
ThreadID: [1375] TenantID: [] [2025-07-24 23:14:49,331]  INFO {APIM_GOV_AUDIT_LOG} - [Async Eval Request] :: Processing request a3428a78-1113-45bd-9677-97e96e82e289 for artifact 7085e562-9fc5-4b92-a7fd-73c47da26239 in tenant1.com organization
ThreadID: [1375] TenantID: [] [2025-07-24 23:14:49,402]  INFO {APIM_GOV_AUDIT_LOG} - [Async Eval Request] :: Validated artifact 7085e562-9fc5-4b92-a7fd-73c47da26239 in organization tenant1.com against ruleset a1fa3163-6756-44ef-a69a-c27cb02a7671
ThreadID: [1375] TenantID: [] [2025-07-24 23:14:49,412]  INFO {APIM_GOV_AUDIT_LOG} - [Async Eval Request] :: Validated artifact 7085e562-9fc5-4b92-a7fd-73c47da26239 in organization tenant1.com against ruleset e28b1d16-abaa-41a3-98d5-7391dd485eb5
ThreadID: [1375] TenantID: [] [2025-07-24 23:14:49,413]  INFO {APIM_GOV_AUDIT_LOG} - [Async Eval Request] :: Artifact 7085e562-9fc5-4b92-a7fd-73c47da26239 evaluated against policy effb9740-9629-4907-8ea5-3e8ab8f4c590 in organization tenant1.com
ThreadID: [1375] TenantID: [] [2025-07-24 23:14:49,413]  INFO {APIM_GOV_AUDIT_LOG} - [Async Eval Request] :: Request a3428a78-1113-45bd-9677-97e96e82e289 processed successfully for artifact 7085e562-9fc5-4b92-a7fd-73c47da26239 in organization tenant1.com
ThreadID: [65] TenantID: [] [2025-07-24 23:15:12,899]  INFO {APIM_GOV_AUDIT_LOG} - [New Async Eval Request] :: New compliance evaluation request for artifact 52a1b532-4441-4c6d-b91c-4b5c1d3c2604 with policy IDs [9e3e6f6a-dbb3-47af-97ed-d053f2034a90]
ThreadID: [65] TenantID: [] [2025-07-24 23:15:12,958]  INFO {APIM_GOV_AUDIT_LOG} - [New Async Eval Request] :: New compliance evaluation request for artifact 52a1b532-4441-4c6d-b91c-4b5c1d3c2604 with policy IDs [9e3e6f6a-dbb3-47af-97ed-d053f2034a90]
ThreadID: [65] TenantID: [] [2025-07-24 23:15:12,958]  INFO {APIM_GOV_AUDIT_LOG} - [New Async Eval Request] :: New compliance evaluation request for artifact 52a1b532-4441-4c6d-b91c-4b5c1d3c2604 with policy IDs [9e3e6f6a-dbb3-47af-97ed-d053f2034a90]
ThreadID: [65] TenantID: [] [2025-07-24 23:15:12,988]  INFO {APIM_GOV_AUDIT_LOG} - [New Async Eval Request] :: New compliance evaluation request for artifact 52a1b532-4441-4c6d-b91c-4b5c1d3c2604 with policy IDs [9e3e6f6a-dbb3-47af-97ed-d053f2034a90]
ThreadID: [65] TenantID: [] [2025-07-24 23:15:12,988]  INFO {APIM_GOV_AUDIT_LOG} - [New Async Eval Request] :: New compliance evaluation request for artifact 52a1b532-4441-4c6d-b91c-4b5c1d3c2604 with policy IDs [9e3e6f6a-dbb3-47af-97ed-d053f2034a90]
ThreadID: [65] TenantID: [] [2025-07-24 23:15:12,998]  INFO {APIM_GOV_AUDIT_LOG} - [New Async Eval Request] :: New compliance evaluation request for artifact 52a1b532-4441-4c6d-b91c-4b5c1d3c2604 with policy IDs [9e3e6f6a-dbb3-47af-97ed-d053f2034a90]
ThreadID: [65] TenantID: [] [2025-07-24 23:15:12,998]  INFO {APIM_GOV_AUDIT_LOG} - [New Async Eval Request] :: New compliance evaluation request for artifact 52a1b532-4441-4c6d-b91c-4b5c1d3c2604 with policy IDs [9e3e6f6a-dbb3-47af-97ed-d053f2034a90]
ThreadID: [118] TenantID: [] [2025-07-24 23:16:49,331]  INFO {APIM_GOV_AUDIT_LOG} - [Scheduler Thread Pool Status] :: Active Thread Count: 0 -- | -- Completed Task Count: 2 -- | -- Submitted Task Count: 2 -- | -- Queue Size: 0 -- | -- Core Pool Size: 20 -- | -- Maximum Pool Size: 20 -- | -- Current Pool Size: 2
ThreadID: [118] TenantID: [] [2025-07-24 23:16:49,333]  INFO {APIM_GOV_AUDIT_LOG} - [Delete Processing Requests] :: Deleted 0 long-lasting processing requests with IDs: []
ThreadID: [118] TenantID: [] [2025-07-24 23:16:49,334]  INFO {APIM_GOV_AUDIT_LOG} - [Fetch Requests] :: Scheduler fetched 1 requests with IDs: [28a2a075-5107-47b6-86ed-cf06e3670456]
ThreadID: [1457] TenantID: [] [2025-07-24 23:16:49,335]  INFO {APIM_GOV_AUDIT_LOG} - [Async Eval Request] :: Processing request 28a2a075-5107-47b6-86ed-cf06e3670456 for artifact 52a1b532-4441-4c6d-b91c-4b5c1d3c2604 in carbon.super organization
ThreadID: [1457] TenantID: [] [2025-07-24 23:16:49,425]  INFO {APIM_GOV_AUDIT_LOG} - [Async Eval Request] :: Validated artifact 52a1b532-4441-4c6d-b91c-4b5c1d3c2604 in organization carbon.super against ruleset 0ae47abd-ae3c-417a-a8ae-b958bc42736a
ThreadID: [1457] TenantID: [] [2025-07-24 23:16:49,439]  INFO {APIM_GOV_AUDIT_LOG} - [Async Eval Request] :: Validated artifact 52a1b532-4441-4c6d-b91c-4b5c1d3c2604 in organization carbon.super against ruleset 30e84d8b-2b6f-41a7-b769-7b97853a0c72
ThreadID: [1457] TenantID: [] [2025-07-24 23:16:49,440]  INFO {APIM_GOV_AUDIT_LOG} - [Async Eval Request] :: Artifact 52a1b532-4441-4c6d-b91c-4b5c1d3c2604 evaluated against policy 9e3e6f6a-dbb3-47af-97ed-d053f2034a90 in organization carbon.super
ThreadID: [1457] TenantID: [] [2025-07-24 23:16:49,440]  INFO {APIM_GOV_AUDIT_LOG} - [Async Eval Request] :: Request 28a2a075-5107-47b6-86ed-cf06e3670456 processed successfully for artifact 52a1b532-4441-4c6d-b91c-4b5c1d3c2604 in organization carbon.super
ThreadID: [118] TenantID: [] [2025-07-24 23:18:49,332]  INFO {APIM_GOV_AUDIT_LOG} - [Scheduler Thread Pool Status] :: Active Thread Count: 0 -- | -- Completed Task Count: 3 -- | -- Submitted Task Count: 3 -- | -- Queue Size: 0 -- | -- Core Pool Size: 20 -- | -- Maximum Pool Size: 20 -- | -- Current Pool Size: 3
ThreadID: [118] TenantID: [] [2025-07-24 23:18:49,409]  INFO {APIM_GOV_AUDIT_LOG} - [Delete Processing Requests] :: Deleted 0 long-lasting processing requests with IDs: []
ThreadID: [118] TenantID: [] [2025-07-24 23:18:49,410]  INFO {APIM_GOV_AUDIT_LOG} - [Fetch Requests] :: Scheduler fetched 0 requests with IDs: []
ThreadID: [118] TenantID: [] [2025-07-24 23:20:49,334]  INFO {APIM_GOV_AUDIT_LOG} - [Scheduler Thread Pool Status] :: Active Thread Count: 0 -- | -- Completed Task Count: 3 -- | -- Submitted Task Count: 3 -- | -- Queue Size: 0 -- | -- Core Pool Size: 20 -- | -- Maximum Pool Size: 20 -- | -- Current Pool Size: 3
ThreadID: [118] TenantID: [] [2025-07-24 23:20:49,388]  INFO {APIM_GOV_AUDIT_LOG} - [Delete Processing Requests] :: Deleted 0 long-lasting processing requests with IDs: []
ThreadID: [118] TenantID: [] [2025-07-24 23:20:49,388]  INFO {APIM_GOV_AUDIT_LOG} - [Fetch Requests] :: Scheduler fetched 0 requests with IDs: []
ThreadID: [118] TenantID: [] [2025-07-24 23:22:49,335]  INFO {APIM_GOV_AUDIT_LOG} - [Scheduler Thread Pool Status] :: Active Thread Count: 0 -- | -- Completed Task Count: 3 -- | -- Submitted Task Count: 3 -- | -- Queue Size: 0 -- | -- Core Pool Size: 20 -- | -- Maximum Pool Size: 20 -- | -- Current Pool Size: 3
ThreadID: [118] TenantID: [] [2025-07-24 23:22:49,339]  INFO {APIM_GOV_AUDIT_LOG} - [Delete Processing Requests] :: Deleted 0 long-lasting processing requests with IDs: []
ThreadID: [118] TenantID: [] [2025-07-24 23:22:49,340]  INFO {APIM_GOV_AUDIT_LOG} - [Fetch Requests] :: Scheduler fetched 0 requests with IDs: []
ThreadID: [118] TenantID: [] [2025-07-24 23:24:49,334]  INFO {APIM_GOV_AUDIT_LOG} - [Scheduler Thread Pool Status] :: Active Thread Count: 0 -- | -- Completed Task Count: 3 -- | -- Submitted Task Count: 3 -- | -- Queue Size: 0 -- | -- Core Pool Size: 20 -- | -- Maximum Pool Size: 20 -- | -- Current Pool Size: 3
ThreadID: [118] TenantID: [] [2025-07-24 23:24:49,381]  INFO {APIM_GOV_AUDIT_LOG} - [Delete Processing Requests] :: Deleted 0 long-lasting processing requests with IDs: []
ThreadID: [118] TenantID: [] [2025-07-24 23:24:49,381]  INFO {APIM_GOV_AUDIT_LOG} - [Fetch Requests] :: Scheduler fetched 0 requests with IDs: []
ThreadID: [118] TenantID: [] [2025-07-24 23:26:49,338]  INFO {APIM_GOV_AUDIT_LOG} - [Scheduler Thread Pool Status] :: Active Thread Count: 0 -- | -- Completed Task Count: 3 -- | -- Submitted Task Count: 3 -- | -- Queue Size: 0 -- | -- Core Pool Size: 20 -- | -- Maximum Pool Size: 20 -- | -- Current Pool Size: 3
ThreadID: [118] TenantID: [] [2025-07-24 23:26:49,408]  INFO {APIM_GOV_AUDIT_LOG} - [Delete Processing Requests] :: Deleted 0 long-lasting processing requests with IDs: []
ThreadID: [118] TenantID: [] [2025-07-24 23:26:49,408]  INFO {APIM_GOV_AUDIT_LOG} - [Fetch Requests] :: Scheduler fetched 0 requests with IDs: []
ThreadID: [118] TenantID: [] [2025-07-24 23:28:49,351]  INFO {APIM_GOV_AUDIT_LOG} - [Scheduler Thread Pool Status] :: Active Thread Count: 0 -- | -- Completed Task Count: 3 -- | -- Submitted Task Count: 3 -- | -- Queue Size: 0 -- | -- Core Pool Size: 20 -- | -- Maximum Pool Size: 20 -- | -- Current Pool Size: 3
ThreadID: [118] TenantID: [] [2025-07-24 23:28:49,412]  INFO {APIM_GOV_AUDIT_LOG} - [Delete Processing Requests] :: Deleted 0 long-lasting processing requests with IDs: []
ThreadID: [118] TenantID: [] [2025-07-24 23:28:49,412]  INFO {APIM_GOV_AUDIT_LOG} - [Fetch Requests] :: Scheduler fetched 0 requests with IDs: []
ThreadID: [118] TenantID: [] [2025-07-24 23:30:49,339]  INFO {APIM_GOV_AUDIT_LOG} - [Scheduler Thread Pool Status] :: Active Thread Count: 0 -- | -- Completed Task Count: 3 -- | -- Submitted Task Count: 3 -- | -- Queue Size: 0 -- | -- Core Pool Size: 20 -- | -- Maximum Pool Size: 20 -- | -- Current Pool Size: 3
ThreadID: [118] TenantID: [] [2025-07-24 23:30:49,398]  INFO {APIM_GOV_AUDIT_LOG} - [Delete Processing Requests] :: Deleted 0 long-lasting processing requests with IDs: []
ThreadID: [118] TenantID: [] [2025-07-24 23:30:49,398]  INFO {APIM_GOV_AUDIT_LOG} - [Fetch Requests] :: Scheduler fetched 0 requests with IDs: []
ThreadID: [118] TenantID: [] [2025-07-24 23:32:49,337]  INFO {APIM_GOV_AUDIT_LOG} - [Scheduler Thread Pool Status] :: Active Thread Count: 0 -- | -- Completed Task Count: 3 -- | -- Submitted Task Count: 3 -- | -- Queue Size: 0 -- | -- Core Pool Size: 20 -- | -- Maximum Pool Size: 20 -- | -- Current Pool Size: 3
ThreadID: [118] TenantID: [] [2025-07-24 23:32:49,402]  INFO {APIM_GOV_AUDIT_LOG} - [Delete Processing Requests] :: Deleted 0 long-lasting processing requests with IDs: []
ThreadID: [118] TenantID: [] [2025-07-24 23:32:49,403]  INFO {APIM_GOV_AUDIT_LOG} - [Fetch Requests] :: Scheduler fetched 0 requests with IDs: []
ThreadID: [118] TenantID: [] [2025-07-24 23:34:49,342]  INFO {APIM_GOV_AUDIT_LOG} - [Scheduler Thread Pool Status] :: Active Thread Count: 0 -- | -- Completed Task Count: 3 -- | -- Submitted Task Count: 3 -- | -- Queue Size: 0 -- | -- Core Pool Size: 20 -- | -- Maximum Pool Size: 20 -- | -- Current Pool Size: 3
ThreadID: [118] TenantID: [] [2025-07-24 23:34:49,410]  INFO {APIM_GOV_AUDIT_LOG} - [Delete Processing Requests] :: Deleted 0 long-lasting processing requests with IDs: []
ThreadID: [118] TenantID: [] [2025-07-24 23:34:49,410]  INFO {APIM_GOV_AUDIT_LOG} - [Fetch Requests] :: Scheduler fetched 0 requests with IDs: []
ThreadID: [118] TenantID: [] [2025-07-24 23:36:49,342]  INFO {APIM_GOV_AUDIT_LOG} - [Scheduler Thread Pool Status] :: Active Thread Count: 0 -- | -- Completed Task Count: 3 -- | -- Submitted Task Count: 3 -- | -- Queue Size: 0 -- | -- Core Pool Size: 20 -- | -- Maximum Pool Size: 20 -- | -- Current Pool Size: 3
ThreadID: [118] TenantID: [] [2025-07-24 23:36:49,344]  INFO {APIM_GOV_AUDIT_LOG} - [Delete Processing Requests] :: Deleted 0 long-lasting processing requests with IDs: []
ThreadID: [118] TenantID: [] [2025-07-24 23:36:49,344]  INFO {APIM_GOV_AUDIT_LOG} - [Fetch Requests] :: Scheduler fetched 0 requests with IDs: []
ThreadID: [118] TenantID: [] [2025-07-24 23:38:49,341]  INFO {APIM_GOV_AUDIT_LOG} - [Scheduler Thread Pool Status] :: Active Thread Count: 0 -- | -- Completed Task Count: 3 -- | -- Submitted Task Count: 3 -- | -- Queue Size: 0 -- | -- Core Pool Size: 20 -- | -- Maximum Pool Size: 20 -- | -- Current Pool Size: 3
ThreadID: [118] TenantID: [] [2025-07-24 23:38:49,342]  INFO {APIM_GOV_AUDIT_LOG} - [Delete Processing Requests] :: Deleted 0 long-lasting processing requests with IDs: []
ThreadID: [118] TenantID: [] [2025-07-24 23:38:49,343]  INFO {APIM_GOV_AUDIT_LOG} - [Fetch Requests] :: Scheduler fetched 0 requests with IDs: []
ThreadID: [118] TenantID: [] [2025-07-24 23:40:49,343]  INFO {APIM_GOV_AUDIT_LOG} - [Scheduler Thread Pool Status] :: Active Thread Count: 0 -- | -- Completed Task Count: 3 -- | -- Submitted Task Count: 3 -- | -- Queue Size: 0 -- | -- Core Pool Size: 20 -- | -- Maximum Pool Size: 20 -- | -- Current Pool Size: 3
ThreadID: [118] TenantID: [] [2025-07-24 23:40:49,347]  INFO {APIM_GOV_AUDIT_LOG} - [Delete Processing Requests] :: Deleted 0 long-lasting processing requests with IDs: []
ThreadID: [118] TenantID: [] [2025-07-24 23:40:49,348]  INFO {APIM_GOV_AUDIT_LOG} - [Fetch Requests] :: Scheduler fetched 0 requests with IDs: []
ThreadID: [118] TenantID: [] [2025-07-24 23:42:49,336]  INFO {APIM_GOV_AUDIT_LOG} - [Scheduler Thread Pool Status] :: Active Thread Count: 0 -- | -- Completed Task Count: 3 -- | -- Submitted Task Count: 3 -- | -- Queue Size: 0 -- | -- Core Pool Size: 20 -- | -- Maximum Pool Size: 20 -- | -- Current Pool Size: 3
ThreadID: [118] TenantID: [] [2025-07-24 23:42:49,396]  INFO {APIM_GOV_AUDIT_LOG} - [Delete Processing Requests] :: Deleted 0 long-lasting processing requests with IDs: []
ThreadID: [118] TenantID: [] [2025-07-24 23:42:49,397]  INFO {APIM_GOV_AUDIT_LOG} - [Fetch Requests] :: Scheduler fetched 0 requests with IDs: []
